2024-11-16 17:21:52,091 - INFO - [CLIENT STARTED] Attempting to connect to the server.
2024-11-16 17:21:52,092 - INFO - Connected to the server.
2024-11-16 17:21:52,094 - DEBUG - Server message: You are now connected to the server.
2024-11-16 17:21:52,094 - INFO - Handshake successful.
2024-11-16 17:21:55,538 - INFO - [LOGIN SUCCESS] UserID: user1
2024-11-16 17:22:01,703 - INFO - [UPLOAD REQUEST] Initiated upload by user1.
2024-11-16 17:22:01,703 - ERROR - [ERROR] Connection error: upload_file() missing 2 required positional arguments: 'file_name' and 'count'
2024-11-16 17:22:25,774 - INFO - [CLIENT STARTED] Attempting to connect to the server.
2024-11-16 17:22:25,776 - INFO - Connected to the server.
2024-11-16 17:22:25,778 - DEBUG - Server message: You are now connected to the server.
2024-11-16 17:22:25,791 - INFO - Handshake successful.
2024-11-16 17:22:29,657 - INFO - [LOGIN SUCCESS] UserID: user1
2024-11-16 17:22:30,559 - INFO - [UPLOAD REQUEST] Initiated upload by user1.
2024-11-16 17:22:30,559 - ERROR - [ERROR] Connection error: upload_file() missing 2 required positional arguments: 'file_name' and 'count'
2024-11-16 17:23:25,153 - ClientLogger - INFO - [CLIENT STARTED] Attempting to connect to the server.
2024-11-16 17:23:25,154 - ClientLogger - INFO - Connected to the server.
2024-11-16 17:23:25,156 - ClientLogger - DEBUG - Server message: You are now connected to the server.
2024-11-16 17:23:25,156 - ClientLogger - INFO - Handshake successful.
2024-11-16 17:23:29,788 - ClientLogger - INFO - [LOGIN SUCCESS] UserID: user1
2024-11-16 17:23:41,187 - ClientLogger - INFO - File previewed: sample.txt
2024-11-16 17:23:43,716 - ClientLogger - INFO - directory listed
2024-11-16 17:23:48,710 - ClientLogger - INFO - File uploaded: sample.txt
2024-11-16 17:23:51,671 - ClientLogger - INFO - directory listed
2024-11-16 17:24:02,115 - ClientLogger - INFO - [CLIENT STARTED] Attempting to connect to the server.
2024-11-16 17:24:02,117 - ClientLogger - INFO - Connected to the server.
2024-11-16 17:24:02,118 - ClientLogger - DEBUG - Server message: You are now connected to the server.
2024-11-16 17:24:02,118 - ClientLogger - INFO - Handshake successful.
2024-11-16 17:24:05,124 - ClientLogger - INFO - [LOGIN SUCCESS] UserID: user2
2024-11-16 17:24:10,096 - ClientLogger - INFO - File uploaded: sample.txt
2024-11-16 17:24:12,341 - ClientLogger - INFO - directory listed
2024-11-16 17:24:17,328 - ClientLogger - INFO - Client socket closed.
2024-11-16 17:24:20,035 - ClientLogger - INFO - [CLIENT STARTED] Attempting to connect to the server.
2024-11-16 17:24:20,036 - ClientLogger - INFO - Connected to the server.
2024-11-16 17:24:20,037 - ClientLogger - DEBUG - Server message: You are now connected to the server.
2024-11-16 17:24:20,037 - ClientLogger - INFO - Handshake successful.
2024-11-16 17:24:24,058 - ClientLogger - INFO - [LOGIN SUCCESS] UserID: user1
2024-11-16 17:24:26,256 - ClientLogger - INFO - Exiting the client.
2024-11-16 17:24:26,257 - ClientLogger - INFO - Client socket closed.
2024-11-16 17:24:33,198 - ClientLogger - INFO - Client socket closed.
2024-11-16 17:43:17,015 - ClientLogger - INFO - [CLIENT STARTED] Attempting to connect to the server.
2024-11-16 17:43:17,016 - ClientLogger - INFO - Connected to the server.
2024-11-16 17:43:17,018 - ClientLogger - DEBUG - Server message: You are now connected to the server.
2024-11-16 17:43:17,018 - ClientLogger - INFO - Handshake successful.
2024-11-16 17:43:21,838 - ClientLogger - INFO - [LOGIN SUCCESS] UserID: user4
2024-11-16 17:43:26,521 - ClientLogger - INFO - File uploaded: sample.txt
2024-11-16 17:43:42,780 - ClientLogger - INFO - Client socket closed.
2024-11-16 17:43:44,338 - ClientLogger - INFO - [CLIENT STARTED] Attempting to connect to the server.
2024-11-16 17:43:44,340 - ClientLogger - INFO - Connected to the server.
2024-11-16 17:43:44,341 - ClientLogger - DEBUG - Server message: You are now connected to the server.
2024-11-16 17:43:44,341 - ClientLogger - INFO - Handshake successful.
2024-11-16 17:43:48,385 - ClientLogger - INFO - [LOGIN SUCCESS] UserID: user4
2024-11-16 17:43:55,909 - ClientLogger - INFO - File downloaded: C:\PES University\5th Sem\BD\EC-Team-16-distributed-file-orchestration-and-synchronization\server_storage\user4\received_file1.txt
2024-11-16 17:44:06,558 - ClientLogger - INFO - File previewed: logger_util.py
2024-11-16 17:44:21,408 - ClientLogger - INFO - File deleted: received_file1.txt
2024-11-16 17:44:24,852 - ClientLogger - INFO - directory listed
2024-11-16 17:44:29,140 - ClientLogger - INFO - Exiting the client.
2024-11-16 17:44:29,140 - ClientLogger - INFO - Client socket closed.
2024-11-16 17:47:11,685 - ClientLogger - INFO - [CLIENT STARTED] Attempting to connect to the server.
2024-11-16 17:47:11,687 - ClientLogger - INFO - Connected to the server.
2024-11-16 17:47:11,689 - ClientLogger - DEBUG - Server message: You are now connected to the server.
2024-11-16 17:47:11,689 - ClientLogger - INFO - Handshake successful.
2024-11-16 17:47:15,160 - ClientLogger - INFO - [LOGIN SUCCESS] UserID: user2
2024-11-16 17:47:22,539 - ClientLogger - INFO - [CLIENT STARTED] Attempting to connect to the server.
2024-11-16 17:47:22,540 - ClientLogger - INFO - Connected to the server.
2024-11-16 17:47:22,542 - ClientLogger - DEBUG - Server message: You are now connected to the server.
2024-11-16 17:47:22,542 - ClientLogger - INFO - Handshake successful.
2024-11-16 17:47:26,664 - ClientLogger - INFO - [LOGIN SUCCESS] UserID: user3
2024-11-16 17:47:34,975 - ClientLogger - INFO - Client socket closed.
2024-11-16 17:47:36,766 - ClientLogger - INFO - [CLIENT STARTED] Attempting to connect to the server.
2024-11-16 17:47:36,766 - ClientLogger - INFO - Connected to the server.
2024-11-16 17:47:36,767 - ClientLogger - DEBUG - Server message: You are now connected to the server.
2024-11-16 17:47:36,767 - ClientLogger - INFO - Handshake successful.
2024-11-16 17:47:41,818 - ClientLogger - INFO - [LOGIN SUCCESS] UserID: user2
2024-11-16 17:48:02,287 - ClientLogger - INFO - File previewed: sample.txt
2024-11-16 17:48:25,258 - ClientLogger - INFO - Client socket closed.
2024-11-16 17:48:31,599 - ClientLogger - INFO - Client socket closed.
2024-11-16 17:48:53,293 - ClientLogger - INFO - [CLIENT STARTED] Attempting to connect to the server.
2024-11-16 17:48:53,295 - ClientLogger - INFO - Connected to the server.
2024-11-16 17:48:53,297 - ClientLogger - DEBUG - Server message: You are now connected to the server.
2024-11-16 17:48:53,297 - ClientLogger - INFO - Handshake successful.
2024-11-16 17:48:54,473 - ClientLogger - INFO - [CLIENT SHUTDOWN] Signal received, closing client socket.
2024-11-16 17:48:54,474 - ClientLogger - INFO - Client socket closed.
2024-11-16 17:49:10,100 - ClientLogger - INFO - [CLIENT STARTED] Attempting to connect to the server.
2024-11-16 17:49:10,101 - ClientLogger - INFO - Connected to the server.
2024-11-16 17:49:10,123 - ClientLogger - ERROR - [ERROR] [WinError 10054] An existing connection was forcibly closed by the remote host
2024-11-16 17:49:10,123 - ClientLogger - INFO - Client socket closed.
2024-11-16 17:49:25,047 - ClientLogger - INFO - [CLIENT STARTED] Attempting to connect to the server.
2024-11-16 17:49:25,048 - ClientLogger - INFO - Connected to the server.
2024-11-16 17:49:25,050 - ClientLogger - DEBUG - Server message: You are now connected to the server.
2024-11-16 17:49:25,051 - ClientLogger - INFO - Handshake successful.
2024-11-16 17:49:26,574 - ClientLogger - INFO - [CLIENT SHUTDOWN] Signal received, closing client socket.
2024-11-16 17:49:26,575 - ClientLogger - INFO - Client socket closed.
2024-11-16 17:49:30,742 - ClientLogger - INFO - [CLIENT STARTED] Attempting to connect to the server.
2024-11-16 17:49:30,744 - ClientLogger - INFO - Connected to the server.
2024-11-16 17:49:30,745 - ClientLogger - DEBUG - Server message: You are now connected to the server.
2024-11-16 17:49:30,746 - ClientLogger - INFO - Handshake successful.
